0 verbose cli C:\Program Files\nodejs\node.exe C:\Program Files\nodejs\node_modules\npm\bin\npm-cli.js
1 info using npm@11.6.2
2 info using node@v24.12.0
3 silly config load:file:C:\Program Files\nodejs\node_modules\npm\npmrc
4 silly config load:file:c:\Users\abdul\OneDrive\Desktop\New folder\zenovee-ai\.npmrc
5 silly config load:file:C:\Users\abdul\.npmrc
6 silly config load:file:c:\Users\abdul\OneDrive\Desktop\New folder\zenovee-ai\etc\npmrc
7 verbose title npm install
8 verbose argv "--prefix" "zenovee-ai" "install" "--cache" ".npm-cache" "--prefer-online"
9 verbose logfile logs-max:10 dir:c:\Users\abdul\OneDrive\Desktop\New folder\.npm-cache\_logs\2026-05-11T16_05_50_676Z-
10 verbose logfile c:\Users\abdul\OneDrive\Desktop\New folder\.npm-cache\_logs\2026-05-11T16_05_50_676Z-debug-0.log
11 silly logfile done cleaning log files
12 silly packumentCache heap:4496293888 maxSize:1124073472 maxEntrySize:562036736
13 verbose shrinkwrap failed to load node_modules/.package-lock.json out of date, updated: node_modules
14 silly idealTree buildDeps
15 silly fetch manifest @prisma/client@7.8.0
16 silly packumentCache full:https://registry.npmjs.org/@prisma%2fclient cache-miss
17 http fetch GET 200 https://registry.npmjs.org/npm 566ms
18 http fetch GET 200 https://registry.npmjs.org/@prisma%2fclient 6829ms (cache miss)
19 silly packumentCache full:https://registry.npmjs.org/@prisma%2fclient set size:undefined disposed:false
20 silly fetch manifest prisma@7.8.0
21 silly packumentCache full:https://registry.npmjs.org/prisma cache-miss
22 http fetch GET 200 https://registry.npmjs.org/prisma 1609ms (cache miss)
23 silly packumentCache full:https://registry.npmjs.org/prisma set size:undefined disposed:false
24 silly fetch manifest better-sqlite3@>=9.0.0
25 silly packumentCache full:https://registry.npmjs.org/better-sqlite3 cache-miss
26 http fetch GET 200 https://registry.npmjs.org/better-sqlite3 98ms (cache miss)
27 silly packumentCache full:https://registry.npmjs.org/better-sqlite3 set size:undefined disposed:false
28 silly fetch manifest typescript@^5
29 silly packumentCache full:https://registry.npmjs.org/typescript cache-miss
30 http fetch GET 200 https://registry.npmjs.org/typescript 536ms (cache miss)
31 silly packumentCache full:https://registry.npmjs.org/typescript set size:undefined disposed:false
32 silly fetch manifest @t3-oss/env-nextjs@0.13.11
33 silly packumentCache full:https://registry.npmjs.org/@t3-oss%2fenv-nextjs cache-miss
34 http fetch GET 200 https://registry.npmjs.org/@t3-oss%2fenv-nextjs 891ms (cache miss)
35 silly packumentCache full:https://registry.npmjs.org/@t3-oss%2fenv-nextjs set size:undefined disposed:false
36 silly fetch manifest arktype@^2.1.0
37 silly packumentCache full:https://registry.npmjs.org/arktype cache-miss
38 http fetch GET 200 https://registry.npmjs.org/arktype 92ms (cache miss)
39 silly packumentCache full:https://registry.npmjs.org/arktype set size:undefined disposed:false
40 silly fetch manifest valibot@^1.0.0-beta.7 || ^1.0.0
41 silly packumentCache full:https://registry.npmjs.org/valibot cache-miss
42 http fetch GET 200 https://registry.npmjs.org/valibot 80ms (cache miss)
43 silly packumentCache full:https://registry.npmjs.org/valibot set size:undefined disposed:false
44 silly fetch manifest zod@4.4.3
45 silly packumentCache full:https://registry.npmjs.org/zod cache-miss
46 http fetch GET 200 https://registry.npmjs.org/zod 222ms (cache miss)
47 silly packumentCache full:https://registry.npmjs.org/zod set size:undefined disposed:false
48 silly fetch manifest class-variance-authority@0.7.1
49 silly packumentCache full:https://registry.npmjs.org/class-variance-authority cache-miss
50 http fetch GET 200 https://registry.npmjs.org/class-variance-authority 339ms (cache miss)
51 silly packumentCache full:https://registry.npmjs.org/class-variance-authority set size:undefined disposed:false
52 silly fetch manifest clsx@2.1.1
53 silly packumentCache full:https://registry.npmjs.org/clsx cache-miss
54 http fetch GET 200 https://registry.npmjs.org/clsx 97ms (cache miss)
55 silly packumentCache full:https://registry.npmjs.org/clsx set size:undefined disposed:false
56 silly fetch manifest lucide-react@1.14.0
57 silly packumentCache full:https://registry.npmjs.org/lucide-react cache-miss
58 http fetch GET 200 https://registry.npmjs.org/lucide-react 195ms (cache miss)
59 silly packumentCache full:https://registry.npmjs.org/lucide-react set size:undefined disposed:false
60 silly fetch manifest react@19.2.4
61 silly packumentCache full:https://registry.npmjs.org/react cache-miss
62 http fetch GET 200 https://registry.npmjs.org/react 457ms (cache miss)
63 silly packumentCache full:https://registry.npmjs.org/react set size:undefined disposed:false
64 silly fetch manifest next-themes@0.4.6
65 silly packumentCache full:https://registry.npmjs.org/next-themes cache-miss
66 http fetch GET 200 https://registry.npmjs.org/next-themes 93ms (cache miss)
67 silly packumentCache full:https://registry.npmjs.org/next-themes set size:undefined disposed:false
68 silly fetch manifest react-dom@19.2.4
69 silly packumentCache full:https://registry.npmjs.org/react-dom cache-miss
70 http fetch GET 200 https://registry.npmjs.org/react-dom 419ms (cache miss)
71 silly packumentCache full:https://registry.npmjs.org/react-dom set size:undefined disposed:false
72 silly fetch manifest tailwind-merge@3.6.0
73 silly packumentCache full:https://registry.npmjs.org/tailwind-merge cache-miss
74 http fetch GET 200 https://registry.npmjs.org/tailwind-merge 156ms (cache miss)
75 silly packumentCache full:https://registry.npmjs.org/tailwind-merge set size:undefined disposed:false
76 silly placeDep ROOT @prisma/client@7.8.0 OK for: zenovee-ai@0.1.0 want: 7.8.0
77 silly placeDep ROOT @t3-oss/env-nextjs@0.13.11 OK for: zenovee-ai@0.1.0 want: 0.13.11
78 silly placeDep ROOT zod@4.4.3 REPLACE for: @t3-oss/env-nextjs@0.13.11 want: ^3.24.0 || ^4.0.0
79 silly placeDep ROOT class-variance-authority@0.7.1 OK for: zenovee-ai@0.1.0 want: 0.7.1
80 silly placeDep ROOT clsx@2.1.1 OK for: zenovee-ai@0.1.0 want: 2.1.1
81 silly placeDep ROOT lucide-react@1.14.0 OK for: zenovee-ai@0.1.0 want: 1.14.0
82 silly placeDep ROOT next-themes@0.4.6 OK for: zenovee-ai@0.1.0 want: 0.4.6
83 silly placeDep ROOT prisma@7.8.0 OK for: zenovee-ai@0.1.0 want: 7.8.0
84 silly placeDep ROOT tailwind-merge@3.6.0 OK for: zenovee-ai@0.1.0 want: 3.6.0
85 silly fetch manifest @prisma/client-runtime-utils@7.8.0
86 silly packumentCache full:https://registry.npmjs.org/@prisma%2fclient-runtime-utils cache-miss
87 silly fetch manifest @t3-oss/env-core@0.13.11
88 silly packumentCache full:https://registry.npmjs.org/@t3-oss%2fenv-core cache-miss
89 silly fetch manifest clsx@^2.1.1
90 silly packumentCache full:https://registry.npmjs.org/clsx cache-miss
91 silly fetch manifest mysql2@3.15.3
92 silly packumentCache full:https://registry.npmjs.org/mysql2 cache-miss
93 silly fetch manifest postgres@3.4.7
94 silly packumentCache full:https://registry.npmjs.org/postgres cache-miss
95 silly fetch manifest @prisma/dev@0.24.3
96 silly packumentCache full:https://registry.npmjs.org/@prisma%2fdev cache-miss
97 silly fetch manifest @prisma/config@7.8.0
98 silly packumentCache full:https://registry.npmjs.org/@prisma%2fconfig cache-miss
99 silly fetch manifest @prisma/engines@7.8.0
100 silly packumentCache full:https://registry.npmjs.org/@prisma%2fengines cache-miss
101 silly fetch manifest @prisma/studio-core@0.27.3
102 silly packumentCache full:https://registry.npmjs.org/@prisma%2fstudio-core cache-miss
103 http fetch GET 200 https://registry.npmjs.org/clsx 249ms (cache revalidated)
104 silly packumentCache full:https://registry.npmjs.org/clsx set size:42506 disposed:false
105 http fetch GET 200 https://registry.npmjs.org/postgres 288ms (cache miss)
106 silly packumentCache full:https://registry.npmjs.org/postgres set size:undefined disposed:false
107 http fetch GET 200 https://registry.npmjs.org/mysql2 308ms (cache miss)
108 silly packumentCache full:https://registry.npmjs.org/mysql2 set size:undefined disposed:false
109 http fetch GET 200 https://registry.npmjs.org/@t3-oss%2fenv-core 886ms (cache miss)
110 silly packumentCache full:https://registry.npmjs.org/@t3-oss%2fenv-core set size:undefined disposed:false
111 http fetch GET 200 https://registry.npmjs.org/@prisma%2fstudio-core 1098ms (cache miss)
112 silly packumentCache full:https://registry.npmjs.org/@prisma%2fstudio-core set size:undefined disposed:false
113 http fetch GET 200 https://registry.npmjs.org/@prisma%2fclient-runtime-utils 1228ms (cache miss)
114 silly packumentCache full:https://registry.npmjs.org/@prisma%2fclient-runtime-utils set size:undefined disposed:false
115 http fetch GET 200 https://registry.npmjs.org/@prisma%2fconfig 1516ms (cache miss)
116 silly packumentCache full:https://registry.npmjs.org/@prisma%2fconfig set size:undefined disposed:false
117 http fetch GET 200 https://registry.npmjs.org/@prisma%2fdev 1767ms (cache miss)
118 silly packumentCache full:https://registry.npmjs.org/@prisma%2fdev set size:undefined disposed:false
119 http fetch GET 200 https://registry.npmjs.org/@prisma%2fengines 4375ms (cache miss)
120 silly packumentCache full:https://registry.npmjs.org/@prisma%2fengines set size:undefined disposed:false
121 silly placeDep ROOT @prisma/client-runtime-utils@7.8.0 OK for: @prisma/client@7.8.0 want: 7.8.0
122 silly fetch manifest typescript@>=5.0.0
123 silly packumentCache full:https://registry.npmjs.org/typescript cache-miss
124 http fetch GET 200 https://registry.npmjs.org/typescript 111ms (cache revalidated)
125 silly packumentCache full:https://registry.npmjs.org/typescript set size:15409943 disposed:false
126 silly fetch manifest zod@^3.24.0 || ^4.0.0
127 silly packumentCache full:https://registry.npmjs.org/zod cache-miss
128 http fetch GET 200 https://registry.npmjs.org/zod 75ms (cache revalidated)
129 silly packumentCache full:https://registry.npmjs.org/zod set size:3552562 disposed:false
130 silly placeDep ROOT @t3-oss/env-core@0.13.11 OK for: @t3-oss/env-nextjs@0.13.11 want: 0.13.11
131 silly fetch manifest math-intrinsics@^1.1.0
132 silly packumentCache full:https://registry.npmjs.org/math-intrinsics cache-miss
133 http fetch GET 200 https://registry.npmjs.org/math-intrinsics 66ms (cache miss)
134 silly packumentCache full:https://registry.npmjs.org/math-intrinsics set size:undefined disposed:false
135 silly placeDep node_modules/get-intrinsic math-intrinsics@1.1.0 OK for: get-intrinsic@1.3.0 want: ^1.1.0
136 silly fetch manifest language-subtag-registry@^0.3.20
137 silly packumentCache full:https://registry.npmjs.org/language-subtag-registry cache-miss
138 http fetch GET 200 https://registry.npmjs.org/language-subtag-registry 65ms (cache miss)
139 silly packumentCache full:https://registry.npmjs.org/language-subtag-registry set size:undefined disposed:false
140 silly placeDep node_modules/language-tags language-subtag-registry@0.3.23 OK for: language-tags@1.0.9 want: ^0.3.20
141 silly fetch manifest @types/react@^18.0.0 || ^19.0.0
142 silly packumentCache full:https://registry.npmjs.org/@types%2freact cache-miss
143 http fetch GET 200 https://registry.npmjs.org/@types%2freact 196ms (cache miss)
144 silly packumentCache full:https://registry.npmjs.org/@types%2freact set size:undefined disposed:false
145 silly fetch manifest react@^18.0.0 || ^19.0.0
146 silly packumentCache full:https://registry.npmjs.org/react cache-miss
147 http fetch GET 200 https://registry.npmjs.org/react 71ms (cache revalidated)
148 silly packumentCache full:https://registry.npmjs.org/react set size:6650647 disposed:false
149 silly fetch manifest react-dom@^18.0.0 || ^19.0.0
150 silly packumentCache full:https://registry.npmjs.org/react-dom cache-miss
151 http fetch GET 200 https://registry.npmjs.org/react-dom 86ms (cache revalidated)
152 silly packumentCache full:https://registry.npmjs.org/react-dom set size:8868827 disposed:false
153 silly placeDep ROOT @prisma/config@7.8.0 OK for: prisma@7.8.0 want: 7.8.0
154 silly placeDep ROOT @prisma/dev@0.24.3 OK for: prisma@7.8.0 want: 0.24.3
155 silly placeDep ROOT @prisma/engines@7.8.0 OK for: prisma@7.8.0 want: 7.8.0
156 silly placeDep ROOT @prisma/studio-core@0.27.3 OK for: prisma@7.8.0 want: 0.27.3
157 silly placeDep ROOT mysql2@3.15.3 OK for: prisma@7.8.0 want: 3.15.3
158 silly placeDep ROOT postgres@3.4.7 OK for: prisma@7.8.0 want: 3.4.7
159 silly fetch manifest c12@3.3.4
160 silly packumentCache full:https://registry.npmjs.org/c12 cache-miss
161 silly fetch manifest effect@3.20.0
162 silly packumentCache full:https://registry.npmjs.org/effect cache-miss
163 silly fetch manifest empathic@2.0.0
164 silly packumentCache full:https://registry.npmjs.org/empathic cache-miss
165 silly fetch manifest deepmerge-ts@7.1.5
166 silly packumentCache full:https://registry.npmjs.org/deepmerge-ts cache-miss
167 silly fetch manifest hono@^4.12.8
168 silly packumentCache full:https://registry.npmjs.org/hono cache-miss
169 silly fetch manifest pathe@2.0.3
170 silly packumentCache full:https://registry.npmjs.org/pathe cache-miss
171 silly fetch manifest remeda@2.33.4
172 silly packumentCache full:https://registry.npmjs.org/remeda cache-miss
173 silly fetch manifest std-env@3.10.0
174 silly packumentCache full:https://registry.npmjs.org/std-env cache-miss
175 silly fetch manifest valibot@1.2.0
176 silly packumentCache full:https://registry.npmjs.org/valibot cache-miss
177 silly fetch manifest zeptomatch@2.1.0
178 silly packumentCache full:https://registry.npmjs.org/zeptomatch cache-miss
179 silly fetch manifest get-port-please@3.2.0
180 silly packumentCache full:https://registry.npmjs.org/get-port-please cache-miss
181 http fetch GET 200 https://registry.npmjs.org/c12 84ms (cache miss)
182 silly packumentCache full:https://registry.npmjs.org/c12 set size:undefined disposed:false
183 silly fetch manifest proper-lockfile@4.1.2
184 silly packumentCache full:https://registry.npmjs.org/proper-lockfile cache-miss
185 http fetch GET 200 https://registry.npmjs.org/std-env 90ms (cache miss)
186 silly packumentCache full:https://registry.npmjs.org/std-env set size:undefined disposed:false
187 silly fetch manifest foreground-child@3.3.1
188 silly packumentCache full:https://registry.npmjs.org/foreground-child cache-miss
189 http fetch GET 200 https://registry.npmjs.org/pathe 95ms (cache miss)
190 silly packumentCache full:https://registry.npmjs.org/pathe set size:undefined disposed:false
191 silly fetch manifest @hono/node-server@1.19.11
192 silly packumentCache full:https://registry.npmjs.org/@hono%2fnode-server cache-miss
193 http fetch GET 200 https://registry.npmjs.org/zeptomatch 97ms (cache miss)
194 silly packumentCache full:https://registry.npmjs.org/zeptomatch set size:undefined disposed:false
195 silly fetch manifest http-status-codes@2.3.0
196 silly packumentCache full:https://registry.npmjs.org/http-status-codes cache-miss
197 http fetch GET 200 https://registry.npmjs.org/deepmerge-ts 113ms (cache miss)
198 silly packumentCache full:https://registry.npmjs.org/deepmerge-ts set size:undefined disposed:false
199 silly fetch manifest @electric-sql/pglite@0.4.1
200 silly packumentCache full:https://registry.npmjs.org/@electric-sql%2fpglite cache-miss
201 http fetch GET 200 https://registry.npmjs.org/foreground-child 63ms (cache miss)
202 silly packumentCache full:https://registry.npmjs.org/foreground-child set size:undefined disposed:false
203 silly fetch manifest @prisma/get-platform@7.2.0
204 silly packumentCache full:https://registry.npmjs.org/@prisma%2fget-platform cache-miss
205 http fetch GET 200 https://registry.npmjs.org/@hono%2fnode-server 93ms (cache miss)
206 silly packumentCache full:https://registry.npmjs.org/@hono%2fnode-server set size:undefined disposed:false
207 silly fetch manifest @prisma/streams-local@0.1.2
208 silly packumentCache full:https://registry.npmjs.org/@prisma%2fstreams-local cache-miss
209 http fetch GET 200 https://registry.npmjs.org/valibot 201ms (cache revalidated)
210 silly packumentCache full:https://registry.npmjs.org/valibot set size:253394 disposed:false
211 silly fetch manifest @electric-sql/pglite-tools@0.3.1
212 silly packumentCache full:https://registry.npmjs.org/@electric-sql%2fpglite-tools cache-miss
213 http fetch GET 200 https://registry.npmjs.org/@electric-sql%2fpglite 99ms (cache miss)
214 silly packumentCache full:https://registry.npmjs.org/@electric-sql%2fpglite set size:undefined disposed:false
215 silly fetch manifest @electric-sql/pglite-socket@0.1.1
216 silly packumentCache full:https://registry.npmjs.org/@electric-sql%2fpglite-socket cache-miss
217 http fetch GET 200 https://registry.npmjs.org/hono 240ms (cache miss)
218 silly packumentCache full:https://registry.npmjs.org/hono set size:undefined disposed:false
219 silly fetch manifest @prisma/query-plan-executor@7.2.0
220 silly packumentCache full:https://registry.npmjs.org/@prisma%2fquery-plan-executor cache-miss
221 http fetch GET 200 https://registry.npmjs.org/@prisma%2fstreams-local 118ms (cache miss)
222 silly packumentCache full:https://registry.npmjs.org/@prisma%2fstreams-local set size:undefined disposed:false
223 silly fetch manifest @prisma/debug@7.8.0
224 silly packumentCache full:https://registry.npmjs.org/@prisma%2fdebug cache-miss
225 http fetch GET 200 https://registry.npmjs.org/@electric-sql%2fpglite-tools 107ms (cache miss)
226 silly packumentCache full:https://registry.npmjs.org/@electric-sql%2fpglite-tools set size:undefined disposed:false
227 silly fetch manifest @prisma/fetch-engine@7.8.0
228 silly packumentCache full:https://registry.npmjs.org/@prisma%2ffetch-engine cache-miss
229 http fetch GET 200 https://registry.npmjs.org/remeda 330ms (cache miss)
230 silly packumentCache full:https://registry.npmjs.org/remeda set size:undefined disposed:false
231 silly fetch manifest @prisma/get-platform@7.8.0
232 silly packumentCache full:https://registry.npmjs.org/@prisma%2fget-platform cache-miss
233 http fetch GET 200 https://registry.npmjs.org/get-port-please 408ms (cache miss)
234 silly packumentCache full:https://registry.npmjs.org/get-port-please set size:undefined disposed:false
235 silly fetch manifest @prisma/engines-version@7.8.0-6.3c6e192761c0362d496ed980de936e2f3cebcd3a
236 silly packumentCache full:https://registry.npmjs.org/@prisma%2fengines-version cache-miss
237 http fetch GET 200 https://registry.npmjs.org/http-status-codes 387ms (cache miss)
238 silly packumentCache full:https://registry.npmjs.org/http-status-codes set size:undefined disposed:false
239 silly fetch manifest @radix-ui/react-toggle@1.1.10
240 silly packumentCache full:https://registry.npmjs.org/@radix-ui%2freact-toggle cache-miss
241 http fetch GET 200 https://registry.npmjs.org/@prisma%2fquery-plan-executor 212ms (cache miss)
242 silly packumentCache full:https://registry.npmjs.org/@prisma%2fquery-plan-executor set size:undefined disposed:false
243 silly fetch manifest chart.js@4.5.1
244 silly packumentCache full:https://registry.npmjs.org/chart.js cache-miss
245 http fetch GET 200 https://registry.npmjs.org/effect 1095ms (cache miss)
246 silly packumentCache full:https://registry.npmjs.org/effect set size:undefined disposed:false
247 silly fetch manifest long@^5.2.1
248 silly packumentCache full:https://registry.npmjs.org/long cache-miss
249 http fetch GET 200 https://registry.npmjs.org/empathic 1449ms (cache miss)
250 silly packumentCache full:https://registry.npmjs.org/empathic set size:undefined disposed:false
251 silly fetch manifest denque@^2.1.0
252 silly packumentCache full:https://registry.npmjs.org/denque cache-miss
253 http fetch GET 200 https://registry.npmjs.org/chart.js 970ms (cache miss)
254 silly packumentCache full:https://registry.npmjs.org/chart.js set size:undefined disposed:false
255 silly fetch manifest lru.min@^1.0.0
256 silly packumentCache full:https://registry.npmjs.org/lru.min cache-miss
257 http fetch GET 200 https://registry.npmjs.org/long 389ms (cache miss)
258 silly packumentCache full:https://registry.npmjs.org/long set size:undefined disposed:false
259 silly fetch manifest seq-queue@^0.0.5
260 silly packumentCache full:https://registry.npmjs.org/seq-queue cache-miss
261 http fetch GET 200 https://registry.npmjs.org/lru.min 133ms (cache miss)
262 silly packumentCache full:https://registry.npmjs.org/lru.min set size:undefined disposed:false
263 silly fetch manifest sqlstring@^2.3.2
264 silly packumentCache full:https://registry.npmjs.org/sqlstring cache-miss
265 http fetch GET 200 https://registry.npmjs.org/seq-queue 114ms (cache miss)
266 silly packumentCache full:https://registry.npmjs.org/seq-queue set size:undefined disposed:false
267 silly fetch manifest iconv-lite@^0.7.0
268 silly packumentCache full:https://registry.npmjs.org/iconv-lite cache-miss
269 http fetch GET 200 https://registry.npmjs.org/@electric-sql%2fpglite-socket 1505ms (cache miss)
270 silly packumentCache full:https://registry.npmjs.org/@electric-sql%2fpglite-socket set size:undefined disposed:false
271 silly fetch manifest aws-ssl-profiles@^1.1.1
272 silly packumentCache full:https://registry.npmjs.org/aws-ssl-profiles cache-miss
273 http fetch GET 200 https://registry.npmjs.org/proper-lockfile 1858ms (cache miss)
274 silly packumentCache full:https://registry.npmjs.org/proper-lockfile set size:undefined disposed:false
275 silly fetch manifest generate-function@^2.3.1
276 silly packumentCache full:https://registry.npmjs.org/generate-function cache-miss
277 http fetch GET 200 https://registry.npmjs.org/@radix-ui%2freact-toggle 1459ms (cache miss)
278 silly packumentCache full:https://registry.npmjs.org/@radix-ui%2freact-toggle set size:undefined disposed:false
279 silly fetch manifest named-placeholders@^1.1.3
280 silly packumentCache full:https://registry.npmjs.org/named-placeholders cache-miss
281 http fetch GET 200 https://registry.npmjs.org/aws-ssl-profiles 252ms (cache miss)
282 silly packumentCache full:https://registry.npmjs.org/aws-ssl-profiles set size:undefined disposed:false
283 http fetch GET 200 https://registry.npmjs.org/denque 642ms (cache miss)
284 silly packumentCache full:https://registry.npmjs.org/denque set size:undefined disposed:false
285 http fetch GET 200 https://registry.npmjs.org/sqlstring 494ms (cache miss)
286 silly packumentCache full:https://registry.npmjs.org/sqlstring set size:undefined disposed:false
287 http fetch GET 200 https://registry.npmjs.org/iconv-lite 479ms (cache miss)
288 silly packumentCache full:https://registry.npmjs.org/iconv-lite set size:undefined disposed:false
289 http fetch GET 200 https://registry.npmjs.org/named-placeholders 278ms (cache miss)
290 silly packumentCache full:https://registry.npmjs.org/named-placeholders set size:undefined disposed:false
291 http fetch GET 200 https://registry.npmjs.org/generate-function 589ms (cache miss)
292 silly packumentCache full:https://registry.npmjs.org/generate-function set size:undefined disposed:false
293 http fetch GET 200 https://registry.npmjs.org/@prisma%2fget-platform 5285ms (cache miss)
294 silly packumentCache full:https://registry.npmjs.org/@prisma%2fget-platform set size:undefined disposed:false
295 http fetch GET 200 https://registry.npmjs.org/@prisma%2fget-platform 7012ms (cache miss)
296 silly packumentCache full:https://registry.npmjs.org/@prisma%2fget-platform set size:undefined disposed:false
297 http fetch GET 200 https://registry.npmjs.org/@prisma%2fdebug 7014ms (cache miss)
298 silly packumentCache full:https://registry.npmjs.org/@prisma%2fdebug set size:undefined disposed:false
299 http fetch GET 200 https://registry.npmjs.org/@prisma%2ffetch-engine 7208ms (cache miss)
300 silly packumentCache full:https://registry.npmjs.org/@prisma%2ffetch-engine set size:undefined disposed:false
301 http fetch GET 200 https://registry.npmjs.org/@prisma%2fengines-version 7672ms (cache miss)
302 silly packumentCache full:https://registry.npmjs.org/@prisma%2fengines-version set size:undefined disposed:false
303 silly fetch manifest magicast@*
304 silly packumentCache full:https://registry.npmjs.org/magicast cache-miss
305 http fetch GET 200 https://registry.npmjs.org/magicast 142ms (cache miss)
306 silly packumentCache full:https://registry.npmjs.org/magicast set size:undefined disposed:false
307 silly placeDep ROOT c12@3.3.4 OK for: @prisma/config@7.8.0 want: 3.3.4
308 silly placeDep ROOT deepmerge-ts@7.1.5 OK for: @prisma/config@7.8.0 want: 7.1.5
309 silly placeDep ROOT effect@3.20.0 OK for: @prisma/config@7.8.0 want: 3.20.0
310 silly placeDep ROOT empathic@2.0.0 OK for: @prisma/config@7.8.0 want: 2.0.0
311 silly fetch manifest rc9@^3.0.1
312 silly packumentCache full:https://registry.npmjs.org/rc9 cache-miss
313 silly fetch manifest defu@^6.1.6
314 silly packumentCache full:https://registry.npmjs.org/defu cache-miss
315 silly fetch manifest jiti@^2.6.1
316 silly packumentCache full:https://registry.npmjs.org/jiti cache-miss
317 silly fetch manifest giget@^3.2.0
318 silly packumentCache full:https://registry.npmjs.org/giget cache-miss
319 silly fetch manifest ohash@^2.0.11
320 silly packumentCache full:https://registry.npmjs.org/ohash cache-miss
321 silly fetch manifest pathe@^2.0.3
322 silly packumentCache full:https://registry.npmjs.org/pathe cache-miss
323 silly fetch manifest dotenv@^17.3.1
324 silly packumentCache full:https://registry.npmjs.org/dotenv cache-miss
325 silly fetch manifest confbox@^0.2.4
326 silly packumentCache full:https://registry.npmjs.org/confbox cache-miss
327 silly fetch manifest exsolve@^1.0.8
328 silly packumentCache full:https://registry.npmjs.org/exsolve cache-miss
329 silly fetch manifest chokidar@^5.0.0
330 silly packumentCache full:https://registry.npmjs.org/chokidar cache-miss
331 silly fetch manifest pkg-types@^2.3.0
332 silly packumentCache full:https://registry.npmjs.org/pkg-types cache-miss
333 http fetch GET 200 https://registry.npmjs.org/pathe 59ms (cache revalidated)
334 silly packumentCache full:https://registry.npmjs.org/pathe set size:68788 disposed:false
335 silly fetch manifest perfect-debounce@^2.1.0
336 silly packumentCache full:https://registry.npmjs.org/perfect-debounce cache-miss
337 http fetch GET 200 https://registry.npmjs.org/ohash 70ms (cache miss)
338 silly packumentCache full:https://registry.npmjs.org/ohash set size:undefined disposed:false
339 silly fetch manifest fast-check@^3.23.1
340 silly packumentCache full:https://registry.npmjs.org/fast-check cache-miss
341 http fetch GET 200 https://registry.npmjs.org/rc9 76ms (cache miss)
342 silly packumentCache full:https://registry.npmjs.org/rc9 set size:undefined disposed:false
343 silly fetch manifest @standard-schema/spec@^1.0.0
344 silly packumentCache full:https://registry.npmjs.org/@standard-schema%2fspec cache-miss
345 http fetch GET 200 https://registry.npmjs.org/exsolve 81ms (cache miss)
346 silly packumentCache full:https://registry.npmjs.org/exsolve set size:undefined disposed:false
347 http fetch GET 200 https://registry.npmjs.org/pkg-types 85ms (cache miss)
348 silly packumentCache full:https://registry.npmjs.org/pkg-types set size:undefined disposed:false
349 http fetch GET 200 https://registry.npmjs.org/confbox 96ms (cache miss)
350 silly packumentCache full:https://registry.npmjs.org/confbox set size:undefined disposed:false
351 http fetch GET 200 https://registry.npmjs.org/jiti 99ms (cache miss)
352 silly packumentCache full:https://registry.npmjs.org/jiti set size:undefined disposed:false
353 http fetch GET 200 https://registry.npmjs.org/chokidar 106ms (cache miss)
354 silly packumentCache full:https://registry.npmjs.org/chokidar set size:undefined disposed:false
355 http fetch GET 200 https://registry.npmjs.org/dotenv 111ms (cache miss)
356 silly packumentCache full:https://registry.npmjs.org/dotenv set size:undefined disposed:false
357 http fetch GET 200 https://registry.npmjs.org/giget 115ms (cache miss)
358 silly packumentCache full:https://registry.npmjs.org/giget set size:undefined disposed:false
359 http fetch GET 200 https://registry.npmjs.org/perfect-debounce 56ms (cache miss)
360 silly packumentCache full:https://registry.npmjs.org/perfect-debounce set size:undefined disposed:false
361 http fetch GET 200 https://registry.npmjs.org/@standard-schema%2fspec 85ms (cache miss)
362 silly packumentCache full:https://registry.npmjs.org/@standard-schema%2fspec set size:undefined disposed:false
363 http fetch GET 200 https://registry.npmjs.org/defu 334ms (cache miss)
364 silly packumentCache full:https://registry.npmjs.org/defu set size:undefined disposed:false
365 http fetch GET 200 https://registry.npmjs.org/fast-check 697ms (cache miss)
366 silly packumentCache full:https://registry.npmjs.org/fast-check set size:undefined disposed:false
367 silly fetch manifest typescript@>=5
368 silly packumentCache full:https://registry.npmjs.org/typescript cache-miss
369 http fetch GET 200 https://registry.npmjs.org/typescript 87ms (cache revalidated)
370 silly packumentCache full:https://registry.npmjs.org/typescript set size:15409943 disposed:false
371 silly placeDep ROOT @electric-sql/pglite@0.4.1 OK for: @prisma/dev@0.24.3 want: 0.4.1
372 silly placeDep ROOT @electric-sql/pglite-socket@0.1.1 OK for: @prisma/dev@0.24.3 want: 0.1.1
373 silly placeDep ROOT @electric-sql/pglite-tools@0.3.1 OK for: @prisma/dev@0.24.3 want: 0.3.1
374 silly placeDep ROOT @hono/node-server@1.19.11 OK for: @prisma/dev@0.24.3 want: 1.19.11
375 silly placeDep ROOT hono@4.12.18 OK for: @hono/node-server@1.19.11 want: ^4
376 silly placeDep ROOT @prisma/get-platform@7.2.0 OK for: @prisma/dev@0.24.3 want: 7.2.0
377 silly placeDep ROOT @prisma/query-plan-executor@7.2.0 OK for: @prisma/dev@0.24.3 want: 7.2.0
378 silly placeDep ROOT @prisma/streams-local@0.1.2 OK for: @prisma/dev@0.24.3 want: 0.1.2
379 silly placeDep ROOT foreground-child@3.3.1 OK for: @prisma/dev@0.24.3 want: 3.3.1
380 silly placeDep ROOT get-port-please@3.2.0 OK for: @prisma/dev@0.24.3 want: 3.2.0
381 silly placeDep ROOT http-status-codes@2.3.0 OK for: @prisma/dev@0.24.3 want: 2.3.0
382 silly placeDep ROOT pathe@2.0.3 OK for: @prisma/dev@0.24.3 want: 2.0.3
383 silly placeDep ROOT proper-lockfile@4.1.2 OK for: @prisma/dev@0.24.3 want: 4.1.2
384 silly placeDep ROOT remeda@2.33.4 OK for: @prisma/dev@0.24.3 want: 2.33.4
385 silly placeDep ROOT std-env@3.10.0 OK for: @prisma/dev@0.24.3 want: 3.10.0
386 silly placeDep ROOT valibot@1.2.0 OK for: @prisma/dev@0.24.3 want: 1.2.0
387 silly placeDep ROOT zeptomatch@2.1.0 OK for: @prisma/dev@0.24.3 want: 2.1.0
388 silly fetch manifest @prisma/debug@7.2.0
389 silly packumentCache full:https://registry.npmjs.org/@prisma%2fdebug cache-miss
390 silly fetch manifest ajv@^8.12.0
391 silly packumentCache full:https://registry.npmjs.org/ajv cache-miss
392 silly fetch manifest env-paths@^3.0.0
393 silly packumentCache full:https://registry.npmjs.org/env-paths cache-miss
394 silly fetch manifest better-result@^2.7.0
395 silly packumentCache full:https://registry.npmjs.org/better-result cache-miss
396 silly fetch manifest proper-lockfile@^4.1.2
397 silly packumentCache full:https://registry.npmjs.org/proper-lockfile cache-miss
398 silly fetch manifest signal-exit@^4.0.1
399 silly packumentCache full:https://registry.npmjs.org/signal-exit cache-miss
400 silly fetch manifest retry@^0.12.0
401 silly packumentCache full:https://registry.npmjs.org/retry cache-miss
402 silly fetch manifest signal-exit@^3.0.2
403 silly packumentCache full:https://registry.npmjs.org/signal-exit cache-miss
404 silly fetch manifest grammex@^3.1.11
405 silly packumentCache full:https://registry.npmjs.org/grammex cache-miss
406 silly fetch manifest graphmatch@^1.1.0
407 silly packumentCache full:https://registry.npmjs.org/graphmatch cache-miss
408 http fetch GET 200 https://registry.npmjs.org/grammex 60ms (cache miss)
409 silly packumentCache full:https://registry.npmjs.org/grammex set size:undefined disposed:false
410 http fetch GET 200 https://registry.npmjs.org/graphmatch 66ms (cache miss)
411 silly packumentCache full:https://registry.npmjs.org/graphmatch set size:undefined disposed:false
412 http fetch GET 200 https://registry.npmjs.org/retry 70ms (cache miss)
413 silly packumentCache full:https://registry.npmjs.org/retry set size:undefined disposed:false
414 http fetch GET 200 https://registry.npmjs.org/env-paths 74ms (cache miss)
415 silly packumentCache full:https://registry.npmjs.org/env-paths set size:undefined disposed:false
416 http fetch GET 200 https://registry.npmjs.org/better-result 74ms (cache miss)
417 silly packumentCache full:https://registry.npmjs.org/better-result set size:undefined disposed:false
418 http fetch GET 200 https://registry.npmjs.org/signal-exit 76ms (cache miss)
419 silly packumentCache full:https://registry.npmjs.org/signal-exit set size:undefined disposed:false
420 http fetch GET 200 https://registry.npmjs.org/signal-exit 83ms (cache miss)
421 silly packumentCache full:https://registry.npmjs.org/signal-exit set size:undefined disposed:false
422 http fetch GET 200 https://registry.npmjs.org/@prisma%2fdebug 144ms (cache revalidated)
423 silly packumentCache full:https://registry.npmjs.org/@prisma%2fdebug set size:28700444 disposed:false
424 http fetch GET 200 https://registry.npmjs.org/ajv 290ms (cache miss)
425 silly packumentCache full:https://registry.npmjs.org/ajv set size:undefined disposed:false
426 http fetch GET 200 https://registry.npmjs.org/proper-lockfile 314ms (cache revalidated)
427 silly packumentCache full:https://registry.npmjs.org/proper-lockfile set size:82421 disposed:false
428 silly placeDep ROOT @prisma/debug@7.8.0 OK for: @prisma/engines@7.8.0 want: 7.8.0
429 silly placeDep ROOT @prisma/engines-version@7.8.0-6.3c6e192761c0362d496ed980de936e2f3cebcd3a OK for: @prisma/engines@7.8.0 want: 7.8.0-6.3c6e192761c0362d496ed980de936e2f3cebcd3a
430 silly placeDep ROOT @prisma/fetch-engine@7.8.0 OK for: @prisma/engines@7.8.0 want: 7.8.0
431 silly placeDep node_modules/@prisma/engines @prisma/get-platform@7.8.0 OK for: @prisma/engines@7.8.0 want: 7.8.0
432 silly placeDep node_modules/@prisma/fetch-engine @prisma/get-platform@7.8.0 OK for: @prisma/fetch-engine@7.8.0 want: 7.8.0
433 silly placeDep node_modules/@prisma/get-platform @prisma/debug@7.2.0 OK for: @prisma/get-platform@7.2.0 want: 7.2.0
434 silly placeDep node_modules/@prisma/streams-local ajv@8.20.0 OK for: @prisma/streams-local@0.1.2 want: ^8.12.0
435 silly placeDep ROOT better-result@2.9.2 OK for: @prisma/streams-local@0.1.2 want: ^2.7.0
436 silly placeDep ROOT env-paths@3.0.0 OK for: @prisma/streams-local@0.1.2 want: ^3.0.0
437 silly fetch manifest fast-uri@^3.0.1
438 silly packumentCache full:https://registry.npmjs.org/fast-uri cache-miss
439 silly fetch manifest json-schema-traverse@^1.0.0
440 silly packumentCache full:https://registry.npmjs.org/json-schema-traverse cache-miss
441 silly fetch manifest require-from-string@^2.0.2
442 silly packumentCache full:https://registry.npmjs.org/require-from-string cache-miss
443 http fetch GET 200 https://registry.npmjs.org/json-schema-traverse 53ms (cache miss)
444 silly packumentCache full:https://registry.npmjs.org/json-schema-traverse set size:undefined disposed:false
445 http fetch GET 200 https://registry.npmjs.org/require-from-string 57ms (cache miss)
446 silly packumentCache full:https://registry.npmjs.org/require-from-string set size:undefined disposed:false
447 http fetch GET 200 https://registry.npmjs.org/fast-uri 59ms (cache miss)
448 silly packumentCache full:https://registry.npmjs.org/fast-uri set size:undefined disposed:false
449 silly fetch manifest @types/react-dom@*
450 silly packumentCache full:https://registry.npmjs.org/@types%2freact-dom cache-miss
451 http fetch GET 200 https://registry.npmjs.org/@types%2freact-dom 99ms (cache miss)
452 silly packumentCache full:https://registry.npmjs.org/@types%2freact-dom set size:undefined disposed:false
453 silly placeDep ROOT @radix-ui/react-toggle@1.1.10 OK for: @prisma/studio-core@0.27.3 want: 1.1.10
454 silly placeDep ROOT chart.js@4.5.1 OK for: @prisma/studio-core@0.27.3 want: 4.5.1
455 silly fetch manifest @radix-ui/primitive@1.1.3
456 silly packumentCache full:https://registry.npmjs.org/@radix-ui%2fprimitive cache-miss
457 silly fetch manifest @radix-ui/react-primitive@2.1.3
458 silly packumentCache full:https://registry.npmjs.org/@radix-ui%2freact-primitive cache-miss
459 silly fetch manifest @radix-ui/react-use-controllable-state@1.2.2
460 silly packumentCache full:https://registry.npmjs.org/@radix-ui%2freact-use-controllable-state cache-miss
461 silly fetch manifest @kurkle/color@^0.3.0
462 silly packumentCache full:https://registry.npmjs.org/@kurkle%2fcolor cache-miss
463 http fetch GET 200 https://registry.npmjs.org/@radix-ui%2fprimitive 99ms (cache miss)
464 silly packumentCache full:https://registry.npmjs.org/@radix-ui%2fprimitive set size:undefined disposed:false
465 http fetch GET 200 https://registry.npmjs.org/@radix-ui%2freact-use-controllable-state 123ms (cache miss)
466 silly packumentCache full:https://registry.npmjs.org/@radix-ui%2freact-use-controllable-state set size:undefined disposed:false
467 http fetch GET 200 https://registry.npmjs.org/@radix-ui%2freact-primitive 168ms (cache miss)
468 silly packumentCache full:https://registry.npmjs.org/@radix-ui%2freact-primitive set size:undefined disposed:false
469 http fetch GET 200 https://registry.npmjs.org/@kurkle%2fcolor 354ms (cache miss)
470 silly packumentCache full:https://registry.npmjs.org/@kurkle%2fcolor set size:undefined disposed:false
471 silly fetch manifest @types/react@*
472 silly packumentCache full:https://registry.npmjs.org/@types%2freact cache-miss
473 http fetch GET 200 https://registry.npmjs.org/@types%2freact 68ms (cache revalidated)
474 silly packumentCache full:https://registry.npmjs.org/@types%2freact set size:2588964 disposed:false
475 silly fetch manifest react@^16.8 || ^17.0 || ^18.0 || ^19.0 || ^19.0.0-rc
476 silly packumentCache full:https://registry.npmjs.org/react cache-miss
477 http fetch GET 200 https://registry.npmjs.org/react 80ms (cache revalidated)
478 silly packumentCache full:https://registry.npmjs.org/react set size:6650647 disposed:false
479 silly fetch manifest react-dom@^16.8 || ^17.0 || ^18.0 || ^19.0 || ^19.0.0-rc
480 silly packumentCache full:https://registry.npmjs.org/react-dom cache-miss
481 http fetch GET 200 https://registry.npmjs.org/react-dom 76ms (cache revalidated)
482 silly packumentCache full:https://registry.npmjs.org/react-dom set size:8868827 disposed:false
483 silly placeDep ROOT @radix-ui/primitive@1.1.3 OK for: @radix-ui/react-toggle@1.1.10 want: 1.1.3
484 silly placeDep ROOT @radix-ui/react-primitive@2.1.3 OK for: @radix-ui/react-toggle@1.1.10 want: 2.1.3
485 silly placeDep ROOT @radix-ui/react-use-controllable-state@1.2.2 OK for: @radix-ui/react-toggle@1.1.10 want: 1.2.2
486 silly fetch manifest @radix-ui/react-slot@1.2.3
487 silly packumentCache full:https://registry.npmjs.org/@radix-ui%2freact-slot cache-miss
488 silly fetch manifest @radix-ui/react-use-effect-event@0.0.2
489 silly packumentCache full:https://registry.npmjs.org/@radix-ui%2freact-use-effect-event cache-miss
490 silly fetch manifest @radix-ui/react-use-layout-effect@1.1.1
491 silly packumentCache full:https://registry.npmjs.org/@radix-ui%2freact-use-layout-effect cache-miss
492 http fetch GET 200 https://registry.npmjs.org/@radix-ui%2freact-use-effect-event 72ms (cache miss)
493 silly packumentCache full:https://registry.npmjs.org/@radix-ui%2freact-use-effect-event set size:undefined disposed:false
494 http fetch GET 200 https://registry.npmjs.org/@radix-ui%2freact-slot 83ms (cache miss)
495 silly packumentCache full:https://registry.npmjs.org/@radix-ui%2freact-slot set size:undefined disposed:false
496 http fetch GET 200 https://registry.npmjs.org/@radix-ui%2freact-use-layout-effect 103ms (cache miss)
497 silly packumentCache full:https://registry.npmjs.org/@radix-ui%2freact-use-layout-effect set size:undefined disposed:false
498 silly placeDep ROOT @radix-ui/react-slot@1.2.3 OK for: @radix-ui/react-primitive@2.1.3 want: 1.2.3
499 silly fetch manifest @radix-ui/react-compose-refs@1.1.2
500 silly packumentCache full:https://registry.npmjs.org/@radix-ui%2freact-compose-refs cache-miss
501 http fetch GET 200 https://registry.npmjs.org/@radix-ui%2freact-compose-refs 314ms (cache miss)
502 silly packumentCache full:https://registry.npmjs.org/@radix-ui%2freact-compose-refs set size:undefined disposed:false
503 silly placeDep ROOT @radix-ui/react-compose-refs@1.1.2 OK for: @radix-ui/react-slot@1.2.3 want: 1.1.2
504 silly placeDep ROOT @radix-ui/react-use-effect-event@0.0.2 OK for: @radix-ui/react-use-controllable-state@1.2.2 want: 0.0.2
505 silly placeDep ROOT @radix-ui/react-use-layout-effect@1.1.1 OK for: @radix-ui/react-use-controllable-state@1.2.2 want: 1.1.1
506 silly placeDep ROOT chokidar@5.0.0 OK for: c12@3.3.4 want: ^5.0.0
507 silly placeDep ROOT confbox@0.2.4 OK for: c12@3.3.4 want: ^0.2.4
508 silly placeDep ROOT defu@6.1.7 OK for: c12@3.3.4 want: ^6.1.6
509 silly placeDep ROOT dotenv@17.4.2 OK for: c12@3.3.4 want: ^17.3.1
510 silly placeDep ROOT exsolve@1.0.8 OK for: c12@3.3.4 want: ^1.0.8
511 silly placeDep ROOT giget@3.2.0 OK for: c12@3.3.4 want: ^3.2.0
512 silly placeDep ROOT jiti@2.7.0 OK for: c12@3.3.4 want: ^2.6.1
513 silly placeDep ROOT ohash@2.0.11 OK for: c12@3.3.4 want: ^2.0.11
514 silly placeDep ROOT perfect-debounce@2.1.0 OK for: c12@3.3.4 want: ^2.1.0
515 silly placeDep ROOT pkg-types@2.3.1 OK for: c12@3.3.4 want: ^2.3.0
516 silly placeDep ROOT rc9@3.0.1 OK for: c12@3.3.4 want: ^3.0.1
517 silly fetch manifest readdirp@^5.0.0
518 silly packumentCache full:https://registry.npmjs.org/readdirp cache-miss
519 silly fetch manifest destr@^2.0.5
520 silly packumentCache full:https://registry.npmjs.org/destr cache-miss
521 http fetch GET 200 https://registry.npmjs.org/destr 70ms (cache miss)
522 silly packumentCache full:https://registry.npmjs.org/destr set size:undefined disposed:false
523 http fetch GET 200 https://registry.npmjs.org/readdirp 83ms (cache miss)
524 silly packumentCache full:https://registry.npmjs.org/readdirp set size:undefined disposed:false
525 silly placeDep ROOT @kurkle/color@0.3.4 OK for: chart.js@4.5.1 want: ^0.3.0
526 silly placeDep ROOT readdirp@5.0.0 OK for: chokidar@5.0.0 want: ^5.0.0
527 silly placeDep ROOT @standard-schema/spec@1.1.0 OK for: effect@3.20.0 want: ^1.0.0
528 silly placeDep ROOT fast-check@3.23.2 OK for: effect@3.20.0 want: ^3.23.1
529 silly fetch manifest pure-rand@^6.1.0
530 silly packumentCache full:https://registry.npmjs.org/pure-rand cache-miss
531 http fetch GET 200 https://registry.npmjs.org/pure-rand 82ms (cache miss)
532 silly packumentCache full:https://registry.npmjs.org/pure-rand set size:undefined disposed:false
533 silly placeDep ROOT pure-rand@6.1.0 OK for: fast-check@3.23.2 want: ^6.1.0
534 silly placeDep ROOT signal-exit@4.1.0 OK for: foreground-child@3.3.1 want: ^4.0.1
535 silly placeDep ROOT aws-ssl-profiles@1.1.2 OK for: mysql2@3.15.3 want: ^1.1.1
536 silly placeDep ROOT denque@2.1.0 OK for: mysql2@3.15.3 want: ^2.1.0
537 silly placeDep ROOT generate-function@2.3.1 OK for: mysql2@3.15.3 want: ^2.3.1
538 silly placeDep ROOT iconv-lite@0.7.2 OK for: mysql2@3.15.3 want: ^0.7.0
539 silly placeDep ROOT long@5.3.2 OK for: mysql2@3.15.3 want: ^5.2.1
540 silly placeDep ROOT lru.min@1.1.4 OK for: mysql2@3.15.3 want: ^1.0.0
541 silly placeDep ROOT named-placeholders@1.1.6 OK for: mysql2@3.15.3 want: ^1.1.3
542 silly placeDep ROOT seq-queue@0.0.5 OK for: mysql2@3.15.3 want: ^0.0.5
543 silly placeDep ROOT sqlstring@2.3.3 OK for: mysql2@3.15.3 want: ^2.3.2
544 silly fetch manifest is-property@^1.0.2
545 silly packumentCache full:https://registry.npmjs.org/is-property cache-miss
546 silly fetch manifest safer-buffer@>= 2.1.2 < 3.0.0
547 silly packumentCache full:https://registry.npmjs.org/safer-buffer cache-miss
548 http fetch GET 200 https://registry.npmjs.org/is-property 53ms (cache miss)
549 silly packumentCache full:https://registry.npmjs.org/is-property set size:undefined disposed:false
550 http fetch GET 200 https://registry.npmjs.org/safer-buffer 118ms (cache miss)
551 silly packumentCache full:https://registry.npmjs.org/safer-buffer set size:undefined disposed:false
552 silly placeDep ROOT is-property@1.0.2 OK for: generate-function@2.3.1 want: ^1.0.2
553 silly placeDep ROOT safer-buffer@2.1.2 OK for: iconv-lite@0.7.2 want: >= 2.1.2 < 3.0.0
554 silly placeDep ROOT retry@0.12.0 OK for: proper-lockfile@4.1.2 want: ^0.12.0
555 silly placeDep node_modules/proper-lockfile signal-exit@3.0.7 OK for: proper-lockfile@4.1.2 want: ^3.0.2
556 silly placeDep ROOT destr@2.0.5 OK for: rc9@3.0.1 want: ^2.0.5
557 silly fetch manifest object-inspect@^1.13.3
558 silly packumentCache full:https://registry.npmjs.org/object-inspect cache-miss
559 http fetch GET 200 https://registry.npmjs.org/object-inspect 63ms (cache miss)
560 silly packumentCache full:https://registry.npmjs.org/object-inspect set size:undefined disposed:false
561 silly placeDep node_modules/side-channel object-inspect@1.13.4 OK for: side-channel@1.1.0 want: ^1.13.3
562 silly fetch manifest object-inspect@^1.13.4
563 silly packumentCache full:https://registry.npmjs.org/object-inspect cache-miss
564 http fetch GET 200 https://registry.npmjs.org/object-inspect 47ms (cache revalidated)
565 silly packumentCache full:https://registry.npmjs.org/object-inspect set size:101912 disposed:false
566 silly placeDep node_modules/side-channel-list object-inspect@1.13.4 OK for: side-channel-list@1.0.1 want: ^1.13.4
567 silly placeDep node_modules/side-channel-map object-inspect@1.13.4 OK for: side-channel-map@1.0.1 want: ^1.13.3
568 silly placeDep node_modules/side-channel-weakmap object-inspect@1.13.4 OK for: side-channel-weakmap@1.0.2 want: ^1.13.3
569 silly fetch manifest es-abstract@^1.17.5
570 silly packumentCache full:https://registry.npmjs.org/es-abstract cache-miss
571 http fetch GET 200 https://registry.npmjs.org/es-abstract 73ms (cache miss)
572 silly packumentCache full:https://registry.npmjs.org/es-abstract set size:undefined disposed:false
573 silly placeDep node_modules/string.prototype.repeat es-abstract@1.24.2 OK for: string.prototype.repeat@1.0.0 want: ^1.17.5
574 silly fetch manifest arraybuffer.prototype.slice@^1.0.4
575 silly packumentCache full:https://registry.npmjs.org/arraybuffer.prototype.slice cache-miss
576 silly fetch manifest es-to-primitive@^1.3.0
577 silly packumentCache full:https://registry.npmjs.org/es-to-primitive cache-miss
578 silly fetch manifest function.prototype.name@^1.1.8
579 silly packumentCache full:https://registry.npmjs.org/function.prototype.name cache-miss
580 silly fetch manifest globalthis@^1.0.4
581 silly packumentCache full:https://registry.npmjs.org/globalthis cache-miss
582 silly fetch manifest object.assign@^4.1.7
583 silly packumentCache full:https://registry.npmjs.org/object.assign cache-miss
584 silly fetch manifest regexp.prototype.flags@^1.5.4
585 silly packumentCache full:https://registry.npmjs.org/regexp.prototype.flags cache-miss
586 silly fetch manifest string.prototype.trim@^1.2.10
587 silly packumentCache full:https://registry.npmjs.org/string.prototype.trim cache-miss
588 silly fetch manifest string.prototype.trimend@^1.0.9
589 silly packumentCache full:https://registry.npmjs.org/string.prototype.trimend cache-miss
590 silly fetch manifest string.prototype.trimstart@^1.0.8
591 silly packumentCache full:https://registry.npmjs.org/string.prototype.trimstart cache-miss
592 http fetch GET 200 https://registry.npmjs.org/arraybuffer.prototype.slice 65ms (cache miss)
593 silly packumentCache full:https://registry.npmjs.org/arraybuffer.prototype.slice set size:undefined disposed:false
594 http fetch GET 200 https://registry.npmjs.org/function.prototype.name 66ms (cache miss)
595 silly packumentCache full:https://registry.npmjs.org/function.prototype.name set size:undefined disposed:false
596 http fetch GET 200 https://registry.npmjs.org/globalthis 79ms (cache miss)
597 silly packumentCache full:https://registry.npmjs.org/globalthis set size:undefined disposed:false
598 http fetch GET 200 https://registry.npmjs.org/string.prototype.trimstart 79ms (cache miss)
599 silly packumentCache full:https://registry.npmjs.org/string.prototype.trimstart set size:undefined disposed:false
600 http fetch GET 200 https://registry.npmjs.org/string.prototype.trim 80ms (cache miss)
601 silly packumentCache full:https://registry.npmjs.org/string.prototype.trim set size:undefined disposed:false
602 http fetch GET 200 https://registry.npmjs.org/regexp.prototype.flags 83ms (cache miss)
603 silly packumentCache full:https://registry.npmjs.org/regexp.prototype.flags set size:undefined disposed:false
604 http fetch GET 200 https://registry.npmjs.org/object.assign 90ms (cache miss)
605 silly packumentCache full:https://registry.npmjs.org/object.assign set size:undefined disposed:false
606 http fetch GET 200 https://registry.npmjs.org/string.prototype.trimend 139ms (cache miss)
607 silly packumentCache full:https://registry.npmjs.org/string.prototype.trimend set size:undefined disposed:false
608 http fetch GET 200 https://registry.npmjs.org/es-to-primitive 307ms (cache miss)
609 silly packumentCache full:https://registry.npmjs.org/es-to-primitive set size:undefined disposed:false
610 silly fetch manifest json5@^1.0.2
611 silly packumentCache full:https://registry.npmjs.org/json5 cache-miss
612 http fetch GET 200 https://registry.npmjs.org/json5 75ms (cache miss)
613 silly packumentCache full:https://registry.npmjs.org/json5 set size:undefined disposed:false
614 silly fetch manifest minimist@^1.2.6
615 silly packumentCache full:https://registry.npmjs.org/minimist cache-miss
616 http fetch GET 200 https://registry.npmjs.org/minimist 64ms (cache miss)
617 silly packumentCache full:https://registry.npmjs.org/minimist set size:undefined disposed:false
618 silly placeDep ROOT json5@1.0.2 OK for: tsconfig-paths@3.15.0 want: ^1.0.2
619 verbose stack TypeError: Invalid Version: 
619 verbose stack     at new SemVer (C:\Program Files\nodejs\node_modules\npm\node_modules\semver\classes\semver.js:40:13)
619 verbose stack     at compare (C:\Program Files\nodejs\node_modules\npm\node_modules\semver\functions\compare.js:5:32)
619 verbose stack     at Object.eq (C:\Program Files\nodejs\node_modules\npm\node_modules\semver\functions\eq.js:4:29)
619 verbose stack     at Node.canDedupe (C:\Program Files\nodejs\node_modules\npm\node_modules\@npmcli\arborist\lib\node.js:1140:32)
619 verbose stack     at PlaceDep.pruneDedupable (C:\Program Files\nodejs\node_modules\npm\node_modules\@npmcli\arborist\lib\place-dep.js:426:14)
619 verbose stack     at new PlaceDep (C:\Program Files\nodejs\node_modules\npm\node_modules\@npmcli\arborist\lib\place-dep.js:278:14)
619 verbose stack     at #buildDepStep (C:\Program Files\nodejs\node_modules\npm\node_modules\@npmcli\arborist\lib\arborist\build-ideal-tree.js:945:18)
619 verbose stack     at async Arborist.buildIdealTree (C:\Program Files\nodejs\node_modules\npm\node_modules\@npmcli\arborist\lib\arborist\build-ideal-tree.js:182:7)
619 verbose stack     at async Promise.all (index 1)
619 verbose stack     at async Arborist.reify (C:\Program Files\nodejs\node_modules\npm\node_modules\@npmcli\arborist\lib\arborist\reify.js:114:5)
620 error Invalid Version: 
621 silly unfinished npm timer reify 1778515551355
622 silly unfinished npm timer reify:loadTrees 1778515551357
623 silly unfinished npm timer idealTree:buildDeps 1778515551557
624 silly unfinished npm timer idealTree:node_modules/tsconfig-paths 1778515583305
625 verbose cwd c:\Users\abdul\OneDrive\Desktop\New folder
626 verbose os Windows_NT 10.0.26200
627 verbose node v24.12.0
628 verbose npm  v11.6.2
629 notice
629 notice New minor version of npm available! 11.6.2 -> 11.14.1
629 notice Changelog: https://github.com/npm/cli/releases/tag/v11.14.1
629 notice To update run: npm install -g npm@11.14.1
629 notice  { force: true, Symbol(proc-log.meta): true }
630 verbose exit 1
631 verbose code 1
632 error A complete log of this run can be found in: c:\Users\abdul\OneDrive\Desktop\New folder\.npm-cache\_logs\2026-05-11T16_05_50_676Z-debug-0.log
